  Source.c
D:\C\Lecture6\Source.c(211,9): warning C4566: character represented by universal-character-name '\u8BF7' cannot be represented in the current code page (1252)
D:\C\Lecture6\Source.c(211,9): warning C4566: character represented by universal-character-name '\u6CE8' cannot be represented in the current code page (1252)
D:\C\Lecture6\Source.c(211,9): warning C4566: character represented by universal-character-name '\u610F' cannot be represented in the current code page (1252)
D:\C\Lecture6\Source.c(211,9): warning C4566: character represented by universal-character-name '\uFF0C' cannot be represented in the current code page (1252)
D:\C\Lecture6\Source.c(211,9): warning C4566: character represented by universal-character-name '\u4F60' cannot be represented in the current code page (1252)
D:\C\Lecture6\Source.c(211,9): warning C4566: character represented by universal-character-name '\u7684' cannot be represented in the current code page (1252)
D:\C\Lecture6\Source.c(211,9): warning C4566: character represented by universal-character-name '\u7535' cannot be represented in the current code page (1252)
D:\C\Lecture6\Source.c(211,9): warning C4566: character represented by universal-character-name '\u8111' cannot be represented in the current code page (1252)
D:\C\Lecture6\Source.c(211,9): warning C4566: character represented by universal-character-name '\u5728' cannot be represented in the current code page (1252)
D:\C\Lecture6\Source.c(211,9): warning C4566: character represented by universal-character-name '\u5206' cannot be represented in the current code page (1252)
D:\C\Lecture6\Source.c(211,9): warning C4566: character represented by universal-character-name '\u949F' cannot be represented in the current code page (1252)
D:\C\Lecture6\Source.c(211,9): warning C4566: character represented by universal-character-name '\u5185' cannot be represented in the current code page (1252)
D:\C\Lecture6\Source.c(211,9): warning C4566: character represented by universal-character-name '\u5173' cannot be represented in the current code page (1252)
D:\C\Lecture6\Source.c(211,9): warning C4566: character represented by universal-character-name '\u673A' cannot be represented in the current code page (1252)
D:\C\Lecture6\Source.c(211,9): warning C4566: character represented by universal-character-name '\u5982' cannot be represented in the current code page (1252)
D:\C\Lecture6\Source.c(211,9): warning C4566: character represented by universal-character-name '\u679C' cannot be represented in the current code page (1252)
D:\C\Lecture6\Source.c(211,9): warning C4566: character represented by universal-character-name '\u8F93' cannot be represented in the current code page (1252)
D:\C\Lecture6\Source.c(211,9): warning C4566: character represented by universal-character-name '\u5165' cannot be represented in the current code page (1252)
D:\C\Lecture6\Source.c(211,9): warning C4566: character represented by universal-character-name '\uFF1A' cannot be represented in the current code page (1252)
D:\C\Lecture6\Source.c(211,9): warning C4566: character represented by universal-character-name '\u6211' cannot be represented in the current code page (1252)
D:\C\Lecture6\Source.c(211,9): warning C4566: character represented by universal-character-name '\u662F' cannot be represented in the current code page (1252)
D:\C\Lecture6\Source.c(211,9): warning C4566: character represented by universal-character-name '\u732A' cannot be represented in the current code page (1252)
D:\C\Lecture6\Source.c(211,9): warning C4566: character represented by universal-character-name '\u5C31' cannot be represented in the current code page (1252)
D:\C\Lecture6\Source.c(211,9): warning C4566: character represented by universal-character-name '\u53D6' cannot be represented in the current code page (1252)
D:\C\Lecture6\Source.c(211,9): warning C4566: character represented by universal-character-name '\u6D88' cannot be represented in the current code page (1252)
D:\C\Lecture6\Source.c(213,20): warning C4566: character represented by universal-character-name '\u6211' cannot be represented in the current code page (1252)
D:\C\Lecture6\Source.c(213,20): warning C4566: character represented by universal-character-name '\u662F' cannot be represented in the current code page (1252)
D:\C\Lecture6\Source.c(213,20): warning C4566: character represented by universal-character-name '\u732A' cannot be represented in the current code page (1252)
  Lecture6.vcxproj -> D:\C\Lecture6\x64\Debug\Lecture6.exe
