  Source.c
D:\C_Learning\Lecture\C_advanced\Lecture6\Source.c(65,9): warning C4477: 'printf' : format string '%d' requires an argument of type 'int', but variadic argument 1 has type 'size_t'
D:\C_Learning\Lecture\C_advanced\Lecture6\Source.c(65,9): message : consider using '%zd' in the format string
D:\C_Learning\Lecture\C_advanced\Lecture6\Source.c(66,9): warning C4477: 'printf' : format string '%d' requires an argument of type 'int', but variadic argument 1 has type 'size_t'
D:\C_Learning\Lecture\C_advanced\Lecture6\Source.c(66,9): message : consider using '%zd' in the format string
D:\C_Learning\Lecture\C_advanced\Lecture6\Source.c(67,26): warning C4047: 'function': 'const char *' differs in levels of indirection from 'char'
D:\C_Learning\Lecture\C_advanced\Lecture6\Source.c(67,24): warning C4024: 'strlen': different types for formal and actual parameter 1
D:\C_Learning\Lecture\C_advanced\Lecture6\Source.c(67,9): warning C4477: 'printf' : format string '%d' requires an argument of type 'int', but variadic argument 1 has type 'size_t'
D:\C_Learning\Lecture\C_advanced\Lecture6\Source.c(67,9): message : consider using '%zd' in the format string
D:\C_Learning\Lecture\C_advanced\Lecture6\Source.c(68,28): warning C4047: 'function': 'const char *' differs in levels of indirection from 'char'
D:\C_Learning\Lecture\C_advanced\Lecture6\Source.c(68,25): warning C4024: 'strlen': different types for formal and actual parameter 1
D:\C_Learning\Lecture\C_advanced\Lecture6\Source.c(68,9): warning C4477: 'printf' : format string '%d' requires an argument of type 'int', but variadic argument 1 has type 'size_t'
D:\C_Learning\Lecture\C_advanced\Lecture6\Source.c(68,9): message : consider using '%zd' in the format string
D:\C_Learning\Lecture\C_advanced\Lecture6\Source.c(69,26): warning C4047: 'function': 'const char *' differs in levels of indirection from 'char **'
D:\C_Learning\Lecture\C_advanced\Lecture6\Source.c(69,24): warning C4024: 'strlen': different types for formal and actual parameter 1
D:\C_Learning\Lecture\C_advanced\Lecture6\Source.c(69,9): warning C4477: 'printf' : format string '%d' requires an argument of type 'int', but variadic argument 1 has type 'size_t'
D:\C_Learning\Lecture\C_advanced\Lecture6\Source.c(69,9): message : consider using '%zd' in the format string
D:\C_Learning\Lecture\C_advanced\Lecture6\Source.c(70,30): warning C4047: 'function': 'const char *' differs in levels of indirection from 'char **'
D:\C_Learning\Lecture\C_advanced\Lecture6\Source.c(70,27): warning C4024: 'strlen': different types for formal and actual parameter 1
D:\C_Learning\Lecture\C_advanced\Lecture6\Source.c(70,9): warning C4477: 'printf' : format string '%d' requires an argument of type 'int', but variadic argument 1 has type 'size_t'
D:\C_Learning\Lecture\C_advanced\Lecture6\Source.c(70,9): message : consider using '%zd' in the format string
D:\C_Learning\Lecture\C_advanced\Lecture6\Source.c(71,9): warning C4477: 'printf' : format string '%d' requires an argument of type 'int', but variadic argument 1 has type 'size_t'
D:\C_Learning\Lecture\C_advanced\Lecture6\Source.c(71,9): message : consider using '%zd' in the format string
  Lecture6.vcxproj -> D:\C_Learning\Lecture\C_advanced\Lecture6\x64\Debug\Lecture6.exe
